0 info it worked if it ends with ok
1 verbose cli [ '/Users/hwh/.nvm/versions/node/v5.9.1/bin/node',
1 verbose cli   '/Users/hwh/.nvm/versions/node/v5.9.1/bin/npm',
1 verbose cli   'start' ]
2 info using npm@3.8.6
3 info using node@v5.9.1
4 verbose run-script [ 'prestart', 'start', 'poststart' ]
5 info lifecycle wsd@1.0.0~prestart: wsd@1.0.0
6 silly lifecycle wsd@1.0.0~prestart: no script for prestart, continuing
7 info lifecycle wsd@1.0.0~start: wsd@1.0.0
8 verbose lifecycle wsd@1.0.0~start: unsafe-perm in lifecycle true
9 verbose lifecycle wsd@1.0.0~start: PATH: /Users/hwh/.nvm/versions/node/v5.9.1/lib/node_modules/.npm_npminstall/npm/3.8.6/npm/bin/node-gyp-bin:/Users/hwh/PhpstormProjects/koaTest/node_modules/.bin:/Users/hwh/.nvm/versions/node/v5.9.1/bin:/Users/hwh/.nvm/versions/node/v5.9.1/bin:/Applications/Xcode.app/Contents/Developer/usr/bin/:/Users/hwh/bin:/usr/local/bin:/usr/local/bin:/usr/bin:/bin:/usr/sbin:/sbin
10 verbose lifecycle wsd@1.0.0~start: CWD: /Users/hwh/PhpstormProjects/koaTest
11 silly lifecycle wsd@1.0.0~start: Args: [ '-c', 'NODE_ENV=default DEBUG=* node --harmony app' ]
12 silly lifecycle wsd@1.0.0~start: Returned: code: 1  signal: null
13 info lifecycle wsd@1.0.0~start: Failed to exec start script
14 verbose stack Error: wsd@1.0.0 start: `NODE_ENV=default DEBUG=* node --harmony app`
14 verbose stack Exit status 1
14 verbose stack     at EventEmitter.<anonymous> (/Users/hwh/.nvm/versions/node/v5.9.1/lib/node_modules/.npm_npminstall/npm/3.8.6/npm/lib/utils/lifecycle.js:239:16)
14 verbose stack     at emitTwo (events.js:100:13)
14 verbose stack     at EventEmitter.emit (events.js:185:7)
14 verbose stack     at ChildProcess.<anonymous> (/Users/hwh/.nvm/versions/node/v5.9.1/lib/node_modules/.npm_npminstall/npm/3.8.6/npm/lib/utils/spawn.js:24:14)
14 verbose stack     at emitTwo (events.js:100:13)
14 verbose stack     at ChildProcess.emit (events.js:185:7)
14 verbose stack     at maybeClose (internal/child_process.js:850:16)
14 verbose stack     at Process.ChildProcess._handle.onexit (internal/child_process.js:215:5)
15 verbose pkgid wsd@1.0.0
16 verbose cwd /Users/hwh/PhpstormProjects/koaTest
17 error Darwin 15.6.0
18 error argv "/Users/hwh/.nvm/versions/node/v5.9.1/bin/node" "/Users/hwh/.nvm/versions/node/v5.9.1/bin/npm" "start"
19 error node v5.9.1
20 error npm  v3.8.6
21 error code ELIFECYCLE
22 error wsd@1.0.0 start: `NODE_ENV=default DEBUG=* node --harmony app`
22 error Exit status 1
23 error Failed at the wsd@1.0.0 start script 'NODE_ENV=default DEBUG=* node --harmony app'.
23 error Make sure you have the latest version of node.js and npm installed.
23 error If you do, this is most likely a problem with the wsd package,
23 error not with npm itself.
23 error Tell the author that this fails on your system:
23 error     NODE_ENV=default DEBUG=* node --harmony app
23 error You can get information on how to open an issue for this project with:
23 error     npm bugs wsd
23 error Or if that isn't available, you can get their info via:
23 error     npm owner ls wsd
23 error There is likely additional logging output above.
24 verbose exit [ 1, true ]
